<?xml version="1.0" encoding="UTF-8"?>
<testsuite name="Task5Test" tests="1" skipped="0" failures="1" errors="0" timestamp="2020-09-10T05:39:07" hostname="DESKTOP-4U9I08D" time="0.26">
  <properties/>
  <testcase name="start" classname="Task5Test" time="0.26">
    <failure message="java.lang.AssertionError: Wrong answer in test #3&#10;&#10;Incorrect output.Check the case, when the parking is not full.&#10;&#10;Please find below the output of your program during this failed test.&#10;Note that the '&gt;' character indicates the beginning of the input line.&#10;&#10;---&#10;&#10;&gt; create 5&#10;Created a parking lot with 5 spots.&#10;&gt; park A AA&#10;AA car parked in spot 1.&#10;&gt; park B BB&#10;BB car parked in spot 2.&#10;&gt; park C BB&#10;BB car parked in spot 3.&#10;&gt; park D AA&#10;AA car parked in spot 4.&#10;&gt; park E AA&#10;AA car parked in spot 5.&#10;&gt; leave 4&#10;Spot 4 is free.&#10;&gt; reg_by_color aa&#10;No cars with color AA were found.&#10;&gt; reg_by_color bb&#10;No cars with color BB were found.&#10;&gt; reg_by_color zz&#10;No cars with color ZZ were found.&#10;&gt; spot_by_color aa&#10;1, 5&#10;&gt; spot_by_color bb&#10;2, 3&#10;&gt; spot_by_color zz&#10;No cars with color ZZ were found.&#10;&gt; spot_by_reg A&#10;1, 5&#10;&gt; spot_by_reg B&#10;2, 3&#10;&gt; spot_by_reg Z&#10;No cars with registration number Z were found.&#10;&gt; exit" type="java.lang.AssertionError">java.lang.AssertionError: Wrong answer in test #3

Incorrect output.Check the case, when the parking is not full.

Please find below the output of your program during this failed test.
Note that the '&gt;' character indicates the beginning of the input line.

---

&gt; create 5
Created a parking lot with 5 spots.
&gt; park A AA
AA car parked in spot 1.
&gt; park B BB
BB car parked in spot 2.
&gt; park C BB
BB car parked in spot 3.
&gt; park D AA
AA car parked in spot 4.
&gt; park E AA
AA car parked in spot 5.
&gt; leave 4
Spot 4 is free.
&gt; reg_by_color aa
No cars with color AA were found.
&gt; reg_by_color bb
No cars with color BB were found.
&gt; reg_by_color zz
No cars with color ZZ were found.
&gt; spot_by_color aa
1, 5
&gt; spot_by_color bb
2, 3
&gt; spot_by_color zz
No cars with color ZZ were found.
&gt; spot_by_reg A
1, 5
&gt; spot_by_reg B
2, 3
&gt; spot_by_reg Z
No cars with registration number Z were found.
&gt; exit
	at org.junit.Assert.fail(Assert.java:88)
	at org.hyperskill.hstest.stage.StageTest.start(StageTest.java:97)
	at java.base/jdk.internal.reflect.NativeMethodAccessorImpl.invoke0(Native Method)
	at java.base/jdk.internal.reflect.NativeMethodAccessorImpl.invoke(NativeMethodAccessorImpl.java:62)
	at java.base/jdk.internal.reflect.DelegatingMethodAccessorImpl.invoke(DelegatingMethodAccessorImpl.java:43)
	at java.base/java.lang.reflect.Method.invoke(Method.java:566)
	at org.junit.runners.model.FrameworkMethod$1.runReflectiveCall(FrameworkMethod.java:50)
	at org.junit.internal.runners.model.ReflectiveCallable.run(ReflectiveCallable.java:12)
	at org.junit.runners.model.FrameworkMethod.invokeExplosively(FrameworkMethod.java:47)
	at org.junit.internal.runners.statements.InvokeMethod.evaluate(InvokeMethod.java:17)
	at org.junit.runners.ParentRunner.runLeaf(ParentRunner.java:325)
	at org.junit.runners.BlockJUnit4ClassRunner.runChild(BlockJUnit4ClassRunner.java:78)
	at org.junit.runners.BlockJUnit4ClassRunner.runChild(BlockJUnit4ClassRunner.java:57)
	at org.junit.runners.ParentRunner$3.run(ParentRunner.java:290)
	at org.junit.runners.ParentRunner$1.schedule(ParentRunner.java:71)
	at org.junit.runners.ParentRunner.runChildren(ParentRunner.java:288)
	at org.junit.runners.ParentRunner.access$000(ParentRunner.java:58)
	at org.junit.runners.ParentRunner$2.evaluate(ParentRunner.java:268)
	at org.junit.runners.ParentRunner.run(ParentRunner.java:363)
	at org.gradle.api.internal.tasks.testing.junit.JUnitTestClassExecutor.runTestClass(JUnitTestClassExecutor.java:110)
	at org.gradle.api.internal.tasks.testing.junit.JUnitTestClassExecutor.execute(JUnitTestClassExecutor.java:58)
	at org.gradle.api.internal.tasks.testing.junit.JUnitTestClassExecutor.execute(JUnitTestClassExecutor.java:38)
	at org.gradle.api.internal.tasks.testing.junit.AbstractJUnitTestClassProcessor.processTestClass(AbstractJUnitTestClassProcessor.java:62)
	at org.gradle.api.internal.tasks.testing.SuiteTestClassProcessor.processTestClass(SuiteTestClassProcessor.java:51)
	at java.base/jdk.internal.reflect.NativeMethodAccessorImpl.invoke0(Native Method)
	at java.base/jdk.internal.reflect.NativeMethodAccessorImpl.invoke(NativeMethodAccessorImpl.java:62)
	at java.base/jdk.internal.reflect.DelegatingMethodAccessorImpl.invoke(DelegatingMethodAccessorImpl.java:43)
	at java.base/java.lang.reflect.Method.invoke(Method.java:566)
	at org.gradle.internal.dispatch.ReflectionDispatch.dispatch(ReflectionDispatch.java:35)
	at org.gradle.internal.dispatch.ReflectionDispatch.dispatch(ReflectionDispatch.java:24)
	at org.gradle.internal.dispatch.ContextClassLoaderDispatch.dispatch(ContextClassLoaderDispatch.java:32)
	at org.gradle.internal.dispatch.ProxyDispatchAdapter$DispatchingInvocationHandler.invoke(ProxyDispatchAdapter.java:93)
	at com.sun.proxy.$Proxy2.processTestClass(Unknown Source)
	at org.gradle.api.internal.tasks.testing.worker.TestWorker.processTestClass(TestWorker.java:118)
	at java.base/jdk.internal.reflect.NativeMethodAccessorImpl.invoke0(Native Method)
	at java.base/jdk.internal.reflect.NativeMethodAccessorImpl.invoke(NativeMethodAccessorImpl.java:62)
	at java.base/jdk.internal.reflect.DelegatingMethodAccessorImpl.invoke(DelegatingMethodAccessorImpl.java:43)
	at java.base/java.lang.reflect.Method.invoke(Method.java:566)
	at org.gradle.internal.dispatch.ReflectionDispatch.dispatch(ReflectionDispatch.java:35)
	at org.gradle.internal.dispatch.ReflectionDispatch.dispatch(ReflectionDispatch.java:24)
	at org.gradle.internal.remote.internal.hub.MessageHubBackedObjectConnection$DispatchWrapper.dispatch(MessageHubBackedObjectConnection.java:175)
	at org.gradle.internal.remote.internal.hub.MessageHubBackedObjectConnection$DispatchWrapper.dispatch(MessageHubBackedObjectConnection.java:157)
	at org.gradle.internal.remote.internal.hub.MessageHub$Handler.run(MessageHub.java:404)
	at org.gradle.internal.concurrent.ExecutorPolicy$CatchAndRecordFailures.onExecute(ExecutorPolicy.java:63)
	at org.gradle.internal.concurrent.ManagedExecutorImpl$1.run(ManagedExecutorImpl.java:46)
	at java.base/java.util.concurrent.ThreadPoolExecutor.runWorker(ThreadPoolExecutor.java:1128)
	at java.base/java.util.concurrent.ThreadPoolExecutor$Worker.run(ThreadPoolExecutor.java:628)
	at org.gradle.internal.concurrent.ThreadFactoryImpl$ManagedThreadRunnable.run(ThreadFactoryImpl.java:55)
	at java.base/java.lang.Thread.run(Thread.java:834)
</failure>
  </testcase>
  <system-out><![CDATA[?[1;31m
Start test 1?[0m
> spot_by_color yellow
Sorry, a parking lot has not been created.
> create 4
Created a parking lot with 4 spots.
> park KA-01-HH-9999 White
White car parked in spot 1.
> park KA-01-HH-3672 White
White car parked in spot 2.
> park Rs-P-N-21 Red
Red car parked in spot 3.
> park Rs-P-N-22 Red
Red car parked in spot 4.
> reg_by_color GREEN
No cars with color GREEN were found.
> reg_by_color WHITE
KA-01-HH-9999, KA-01-HH-3672
> spot_by_color GREEN
No cars with color GREEN were found.
> spot_by_color red
3, 4
> spot_by_reg ABC
No cars with registration number ABC were found.
> spot_by_reg KA-01-HH-3672
2
> spot_by_reg Rs-P-N-21
3
> exit
?[1;31m
Start test 2?[0m
> spot_by_color yellow
Sorry, a parking lot has not been created.
> reg_by_color yellow
Sorry, a parking lot has not been created.
> spot_by_reg yellow
Sorry, a parking lot has not been created.
> exit
?[1;31m
Start test 3?[0m
> create 5
Created a parking lot with 5 spots.
> park A AA
AA car parked in spot 1.
> park B BB
BB car parked in spot 2.
> park C BB
BB car parked in spot 3.
> park D AA
AA car parked in spot 4.
> park E AA
AA car parked in spot 5.
> leave 4
Spot 4 is free.
> reg_by_color aa
No cars with color AA were found.
> reg_by_color bb
No cars with color BB were found.
> reg_by_color zz
No cars with color ZZ were found.
> spot_by_color aa
1, 5
> spot_by_color bb
2, 3
> spot_by_color zz
No cars with color ZZ were found.
> spot_by_reg A
1, 5
> spot_by_reg B
2, 3
> spot_by_reg Z
No cars with registration number Z were found.
> exit
]]></system-out>
  <system-err><![CDATA[]]></system-err>
</testsuite>
